{"uuid":"52b32766-16b0-4c38-9b72-142a0ca52bc5","historyId":"7cf0e0eb91526ed313795306f4887c6f","fullName":"ru.mzpos.tests.TestsMzpo.GiftCertTest","labels":[{"name":"package","value":"ru.mzpos.tests.TestsMzpo"},{"name":"testClass","value":"ru.mzpos.tests.TestsMzpo"},{"name":"testMethod","value":"GiftCertTest"},{"name":"parentSuite","value":"Default Suite"},{"name":"suite","value":"test"},{"name":"subSuite","value":"ru.mzpos.tests.TestsMzpo"},{"name":"host","value":"WS010"},{"name":"thread","value":"21428@WS010.main(1)"},{"name":"framework","value":"testng"},{"name":"language","value":"java"}],"links":[],"name":"GiftCertTest","status":"failed","statusDetails":{"known":false,"muted":false,"flaky":false,"message":"Invalid element state [body > div.main-menu.jlks > div > nav > ul > li:nth-child(3) > a]: element click intercepted: Element <a class=\"main-menu-top-51\" href=\"/faculties\">...</a> is not clickable at point (833, 187). Other element would receive the click: <input type=\"text\" name=\"name\" placeholder=\"Введите Ваше имя\" class=\"form-control\">\r\nScreenshot: file:/C:/Users/Максимова%20Юлия/IdeaProjects/test/build/reports/tests/1730207603664.0.png\r\nPage source: file:/C:/Users/Максимова%20Юлия/IdeaProjects/test/build/reports/tests/1730207603664.0.html\r\nTimeout: 4 s.\r\nCaused by: ElementClickInterceptedException: element click intercepted: Element <a class=\"main-menu-top-51\" href=\"/faculties\">...</a> is not clickable at point (833, 187). Other element would receive the click: <input type=\"text\" name=\"name\" placeholder=\"Введите Ваше имя\" class=\"form-control\">","trace":"Invalid element state [body > div.main-menu.jlks > div > nav > ul > li:nth-child(3) > a]: element click intercepted: Element <a class=\"main-menu-top-51\" href=\"/faculties\">...</a> is not clickable at point (833, 187). Other element would receive the click: <input type=\"text\" name=\"name\" placeholder=\"Введите Ваше имя\" class=\"form-control\">\r\nScreenshot: file:/C:/Users/Максимова%20Юлия/IdeaProjects/test/build/reports/tests/1730207603664.0.png\r\nPage source: file:/C:/Users/Максимова%20Юлия/IdeaProjects/test/build/reports/tests/1730207603664.0.html\r\nTimeout: 4 s.\r\nCaused by: ElementClickInterceptedException: element click intercepted: Element <a class=\"main-menu-top-51\" href=\"/faculties\">...</a> is not clickable at point (833, 187). Other element would receive the click: <input type=\"text\" name=\"name\" placeholder=\"Введите Ваше имя\" class=\"form-control\">\r\n\tat com.codeborne.selenide.impl.ExceptionWrapper.wrap(ExceptionWrapper.java:26)\r\n\tat com.codeborne.selenide.impl.SelenideElementProxy.dispatchAndRetry(SelenideElementProxy.java:156)\r\n\tat com.codeborne.selenide.impl.SelenideElementProxy.invoke(SelenideElementProxy.java:86)\r\n\tat jdk.proxy2/jdk.proxy2.$Proxy10.click(Unknown Source)\r\n\tat ru.mzpos.ui.pages.MainPage.inputDataGiftCert(MainPage.java:127)\r\n\tat ru.mzpos.tests.TestsMzpo.GiftCertTest(TestsMzpo.java:53)\r\n\tat java.base/jdk.internal.reflect.NativeMethodAccessorImpl.invoke0(Native Method)\r\n\tat java.base/jdk.internal.reflect.NativeMethodAccessorImpl.invoke(NativeMethodAccessorImpl.java:77)\r\n\tat java.base/jdk.internal.reflect.DelegatingMethodAccessorImpl.invoke(DelegatingMethodAccessorImpl.java:43)\r\n\tat java.base/java.lang.reflect.Method.invoke(Method.java:569)\r\n\tat org.testng.internal.invokers.MethodInvocationHelper.invokeMethod(MethodInvocationHelper.java:141)\r\n\tat org.testng.internal.invokers.TestInvoker.invokeMethod(TestInvoker.java:686)\r\n\tat org.testng.internal.invokers.TestInvoker.invokeTestMethod(TestInvoker.java:230)\r\n\tat org.testng.internal.invokers.MethodRunner.runInSequence(MethodRunner.java:63)\r\n\tat org.testng.internal.invokers.TestInvoker$MethodInvocationAgent.invoke(TestInvoker.java:992)\r\n\tat org.testng.internal.invokers.TestInvoker.invokeTestMethods(TestInvoker.java:203)\r\n\tat org.testng.internal.invokers.TestMethodWorker.invokeTestMethods(TestMethodWorker.java:154)\r\n\tat org.testng.internal.invokers.TestMethodWorker.run(TestMethodWorker.java:134)\r\n\tat java.base/java.util.ArrayList.forEach(ArrayList.java:1511)\r\n\tat org.testng.TestRunner.privateRun(TestRunner.java:739)\r\n\tat org.testng.TestRunner.run(TestRunner.java:614)\r\n\tat org.testng.SuiteRunner.runTest(SuiteRunner.java:421)\r\n\tat org.testng.SuiteRunner.runSequentially(SuiteRunner.java:413)\r\n\tat org.testng.SuiteRunner.privateRun(SuiteRunner.java:373)\r\n\tat org.testng.SuiteRunner.run(SuiteRunner.java:312)\r\n\tat org.testng.SuiteRunnerWorker.runSuite(SuiteRunnerWorker.java:52)\r\n\tat org.testng.SuiteRunnerWorker.run(SuiteRunnerWorker.java:95)\r\n\tat org.testng.TestNG.runSuitesSequentially(TestNG.java:1274)\r\n\tat org.testng.TestNG.runSuitesLocally(TestNG.java:1208)\r\n\tat org.testng.TestNG.runSuites(TestNG.java:1112)\r\n\tat org.testng.TestNG.run(TestNG.java:1079)\r\n\tat com.intellij.rt.testng.IDEARemoteTestNG.run(IDEARemoteTestNG.java:65)\r\n\tat com.intellij.rt.testng.RemoteTestNGStarter.main(RemoteTestNGStarter.java:105)\r\nCaused by: org.openqa.selenium.ElementClickInterceptedException: element click intercepted: Element <a class=\"main-menu-top-51\" href=\"/faculties\">...</a> is not clickable at point (833, 187). Other element would receive the click: <input type=\"text\" name=\"name\" placeholder=\"Введите Ваше имя\" class=\"form-control\">\n  (Session info: chrome=130.0.6723.70)\nBuild info: version: '4.25.0', revision: '8a8aea2337'\nSystem info: os.name: 'Windows 10', os.arch: 'amd64', os.version: '10.0', java.version: '17.0.13'\nDriver info: org.openqa.selenium.chrome.ChromeDriver\nCommand: [1318bcfb1d7b115e8db108a8b803accb, clickElement {id=f.E1E829CF868EA9ED94310FFF97CDC8B4.d.14C0BEB53FE2D72784E008465213E77D.e.85}]\nCapabilities {acceptInsecureCerts: true, browserName: chrome, browserVersion: 130.0.6723.70, chrome: {chromedriverVersion: 130.0.6723.69 (3ec172b971b9..., userDataDir: C:\\Users\\1259~1\\AppData\\Loc...}, fedcm:accounts: true, goog:chromeOptions: {debuggerAddress: localhost:57018}, networkConnectionEnabled: false, pageLoadStrategy: eager, platformName: windows, proxy: Proxy(), se:cdp: ws://localhost:57018/devtoo..., se:cdpVersion: 130.0.6723.70, setWindowRect: true, strictFileInteractability: false, timeouts: {implicit: 0, pageLoad: 300000, script: 30000}, unhandledPromptBehavior: accept, webauthn:extension:credBlob: true, webauthn:extension:largeBlob: true, webauthn:extension:minPinLength: true, webauthn:extension:prf: true, webauthn:virtualAuthenticators: true}\nElement: [[ChromeDriver: chrome on windows (1318bcfb1d7b115e8db108a8b803accb)] -> css selector: body > div.main-menu.jlks > div > nav > ul > li:nth-child(3) > a]\nSession ID: 1318bcfb1d7b115e8db108a8b803accb\r\n\tat java.base/jdk.internal.reflect.NativeConstructorAccessorImpl.newInstance0(Native Method)\r\n\tat java.base/jdk.internal.reflect.NativeConstructorAccessorImpl.newInstance(NativeConstructorAccessorImpl.java:77)\r\n\tat java.base/jdk.internal.reflect.DelegatingConstructorAccessorImpl.newInstance(DelegatingConstructorAccessorImpl.java:45)\r\n\tat java.base/java.lang.reflect.Constructor.newInstanceWithCaller(Constructor.java:500)\r\n\tat java.base/java.lang.reflect.Constructor.newInstance(Constructor.java:481)\r\n\tat org.openqa.selenium.remote.ErrorCodec.decode(ErrorCodec.java:167)\r\n\tat org.openqa.selenium.remote.codec.w3c.W3CHttpResponseCodec.decode(W3CHttpResponseCodec.java:138)\r\n\tat org.openqa.selenium.remote.codec.w3c.W3CHttpResponseCodec.decode(W3CHttpResponseCodec.java:50)\r\n\tat org.openqa.selenium.remote.HttpCommandExecutor.execute(HttpCommandExecutor.java:190)\r\n\tat org.openqa.selenium.remote.service.DriverCommandExecutor.invokeExecute(DriverCommandExecutor.java:216)\r\n\tat org.openqa.selenium.remote.service.DriverCommandExecutor.execute(DriverCommandExecutor.java:174)\r\n\tat org.openqa.selenium.remote.RemoteWebDriver.execute(RemoteWebDriver.java:545)\r\n\tat org.openqa.selenium.remote.RemoteWebElement.execute(RemoteWebElement.java:223)\r\n\tat org.openqa.selenium.remote.RemoteWebElement.click(RemoteWebElement.java:76)\r\n\tat com.codeborne.selenide.commands.Click.defaultClick(Click.java:106)\r\n\tat com.codeborne.selenide.commands.Click.doClick(Click.java:83)\r\n\tat com.codeborne.selenide.commands.Click.click(Click.java:59)\r\n\tat com.codeborne.selenide.commands.Click.execute(Click.java:34)\r\n\tat com.codeborne.selenide.commands.Click.execute(Click.java:26)\r\n\tat com.codeborne.selenide.commands.Commands.execute(Commands.java:162)\r\n\tat com.codeborne.selenide.impl.SelenideElementProxy.dispatchAndRetry(SelenideElementProxy.java:134)\r\n\t... 31 more\r\n"},"stage":"finished","steps":[{"name":"Кнопка Подарочный сертификат","status":"failed","statusDetails":{"known":false,"muted":false,"flaky":false,"message":"Invalid element state [body > div.main-menu.jlks > div > nav > ul > li:nth-child(3) > a]: element click intercepted: Element <a class=\"main-menu-top-51\" href=\"/faculties\">...</a> is not clickable at point (833, 187). Other element would receive the click: <input type=\"text\" name=\"name\" placeholder=\"Введите Ваше имя\" class=\"form-control\">\r\nScreenshot: file:/C:/Users/Максимова%20Юлия/IdeaProjects/test/build/reports/tests/1730207603664.0.png\r\nPage source: file:/C:/Users/Максимова%20Юлия/IdeaProjects/test/build/reports/tests/1730207603664.0.html\r\nTimeout: 4 s.\r\nCaused by: ElementClickInterceptedException: element click intercepted: Element <a class=\"main-menu-top-51\" href=\"/faculties\">...</a> is not clickable at point (833, 187). Other element would receive the click: <input type=\"text\" name=\"name\" placeholder=\"Введите Ваше имя\" class=\"form-control\">","trace":"Invalid element state [body > div.main-menu.jlks > div > nav > ul > li:nth-child(3) > a]: element click intercepted: Element <a class=\"main-menu-top-51\" href=\"/faculties\">...</a> is not clickable at point (833, 187). Other element would receive the click: <input type=\"text\" name=\"name\" placeholder=\"Введите Ваше имя\" class=\"form-control\">\r\nScreenshot: file:/C:/Users/Максимова%20Юлия/IdeaProjects/test/build/reports/tests/1730207603664.0.png\r\nPage source: file:/C:/Users/Максимова%20Юлия/IdeaProjects/test/build/reports/tests/1730207603664.0.html\r\nTimeout: 4 s.\r\nCaused by: ElementClickInterceptedException: element click intercepted: Element <a class=\"main-menu-top-51\" href=\"/faculties\">...</a> is not clickable at point (833, 187). Other element would receive the click: <input type=\"text\" name=\"name\" placeholder=\"Введите Ваше имя\" class=\"form-control\">\r\n\tat com.codeborne.selenide.impl.ExceptionWrapper.wrap(ExceptionWrapper.java:26)\r\n\tat com.codeborne.selenide.impl.SelenideElementProxy.dispatchAndRetry(SelenideElementProxy.java:156)\r\n\tat com.codeborne.selenide.impl.SelenideElementProxy.invoke(SelenideElementProxy.java:86)\r\n\tat jdk.proxy2/jdk.proxy2.$Proxy10.click(Unknown Source)\r\n\tat ru.mzpos.ui.pages.MainPage.inputDataGiftCert(MainPage.java:127)\r\n\tat ru.mzpos.tests.TestsMzpo.GiftCertTest(TestsMzpo.java:53)\r\n\tat java.base/jdk.internal.reflect.NativeMethodAccessorImpl.invoke0(Native Method)\r\n\tat java.base/jdk.internal.reflect.NativeMethodAccessorImpl.invoke(NativeMethodAccessorImpl.java:77)\r\n\tat java.base/jdk.internal.reflect.DelegatingMethodAccessorImpl.invoke(DelegatingMethodAccessorImpl.java:43)\r\n\tat java.base/java.lang.reflect.Method.invoke(Method.java:569)\r\n\tat org.testng.internal.invokers.MethodInvocationHelper.invokeMethod(MethodInvocationHelper.java:141)\r\n\tat org.testng.internal.invokers.TestInvoker.invokeMethod(TestInvoker.java:686)\r\n\tat org.testng.internal.invokers.TestInvoker.invokeTestMethod(TestInvoker.java:230)\r\n\tat org.testng.internal.invokers.MethodRunner.runInSequence(MethodRunner.java:63)\r\n\tat org.testng.internal.invokers.TestInvoker$MethodInvocationAgent.invoke(TestInvoker.java:992)\r\n\tat org.testng.internal.invokers.TestInvoker.invokeTestMethods(TestInvoker.java:203)\r\n\tat org.testng.internal.invokers.TestMethodWorker.invokeTestMethods(TestMethodWorker.java:154)\r\n\tat org.testng.internal.invokers.TestMethodWorker.run(TestMethodWorker.java:134)\r\n\tat java.base/java.util.ArrayList.forEach(ArrayList.java:1511)\r\n\tat org.testng.TestRunner.privateRun(TestRunner.java:739)\r\n\tat org.testng.TestRunner.run(TestRunner.java:614)\r\n\tat org.testng.SuiteRunner.runTest(SuiteRunner.java:421)\r\n\tat org.testng.SuiteRunner.runSequentially(SuiteRunner.java:413)\r\n\tat org.testng.SuiteRunner.privateRun(SuiteRunner.java:373)\r\n\tat org.testng.SuiteRunner.run(SuiteRunner.java:312)\r\n\tat org.testng.SuiteRunnerWorker.runSuite(SuiteRunnerWorker.java:52)\r\n\tat org.testng.SuiteRunnerWorker.run(SuiteRunnerWorker.java:95)\r\n\tat org.testng.TestNG.runSuitesSequentially(TestNG.java:1274)\r\n\tat org.testng.TestNG.runSuitesLocally(TestNG.java:1208)\r\n\tat org.testng.TestNG.runSuites(TestNG.java:1112)\r\n\tat org.testng.TestNG.run(TestNG.java:1079)\r\n\tat com.intellij.rt.testng.IDEARemoteTestNG.run(IDEARemoteTestNG.java:65)\r\n\tat com.intellij.rt.testng.RemoteTestNGStarter.main(RemoteTestNGStarter.java:105)\r\nCaused by: org.openqa.selenium.ElementClickInterceptedException: element click intercepted: Element <a class=\"main-menu-top-51\" href=\"/faculties\">...</a> is not clickable at point (833, 187). Other element would receive the click: <input type=\"text\" name=\"name\" placeholder=\"Введите Ваше имя\" class=\"form-control\">\n  (Session info: chrome=130.0.6723.70)\nBuild info: version: '4.25.0', revision: '8a8aea2337'\nSystem info: os.name: 'Windows 10', os.arch: 'amd64', os.version: '10.0', java.version: '17.0.13'\nDriver info: org.openqa.selenium.chrome.ChromeDriver\nCommand: [1318bcfb1d7b115e8db108a8b803accb, clickElement {id=f.E1E829CF868EA9ED94310FFF97CDC8B4.d.14C0BEB53FE2D72784E008465213E77D.e.85}]\nCapabilities {acceptInsecureCerts: true, browserName: chrome, browserVersion: 130.0.6723.70, chrome: {chromedriverVersion: 130.0.6723.69 (3ec172b971b9..., userDataDir: C:\\Users\\1259~1\\AppData\\Loc...}, fedcm:accounts: true, goog:chromeOptions: {debuggerAddress: localhost:57018}, networkConnectionEnabled: false, pageLoadStrategy: eager, platformName: windows, proxy: Proxy(), se:cdp: ws://localhost:57018/devtoo..., se:cdpVersion: 130.0.6723.70, setWindowRect: true, strictFileInteractability: false, timeouts: {implicit: 0, pageLoad: 300000, script: 30000}, unhandledPromptBehavior: accept, webauthn:extension:credBlob: true, webauthn:extension:largeBlob: true, webauthn:extension:minPinLength: true, webauthn:extension:prf: true, webauthn:virtualAuthenticators: true}\nElement: [[ChromeDriver: chrome on windows (1318bcfb1d7b115e8db108a8b803accb)] -> css selector: body > div.main-menu.jlks > div > nav > ul > li:nth-child(3) > a]\nSession ID: 1318bcfb1d7b115e8db108a8b803accb\r\n\tat java.base/jdk.internal.reflect.NativeConstructorAccessorImpl.newInstance0(Native Method)\r\n\tat java.base/jdk.internal.reflect.NativeConstructorAccessorImpl.newInstance(NativeConstructorAccessorImpl.java:77)\r\n\tat java.base/jdk.internal.reflect.DelegatingConstructorAccessorImpl.newInstance(DelegatingConstructorAccessorImpl.java:45)\r\n\tat java.base/java.lang.reflect.Constructor.newInstanceWithCaller(Constructor.java:500)\r\n\tat java.base/java.lang.reflect.Constructor.newInstance(Constructor.java:481)\r\n\tat org.openqa.selenium.remote.ErrorCodec.decode(ErrorCodec.java:167)\r\n\tat org.openqa.selenium.remote.codec.w3c.W3CHttpResponseCodec.decode(W3CHttpResponseCodec.java:138)\r\n\tat org.openqa.selenium.remote.codec.w3c.W3CHttpResponseCodec.decode(W3CHttpResponseCodec.java:50)\r\n\tat org.openqa.selenium.remote.HttpCommandExecutor.execute(HttpCommandExecutor.java:190)\r\n\tat org.openqa.selenium.remote.service.DriverCommandExecutor.invokeExecute(DriverCommandExecutor.java:216)\r\n\tat org.openqa.selenium.remote.service.DriverCommandExecutor.execute(DriverCommandExecutor.java:174)\r\n\tat org.openqa.selenium.remote.RemoteWebDriver.execute(RemoteWebDriver.java:545)\r\n\tat org.openqa.selenium.remote.RemoteWebElement.execute(RemoteWebElement.java:223)\r\n\tat org.openqa.selenium.remote.RemoteWebElement.click(RemoteWebElement.java:76)\r\n\tat com.codeborne.selenide.commands.Click.defaultClick(Click.java:106)\r\n\tat com.codeborne.selenide.commands.Click.doClick(Click.java:83)\r\n\tat com.codeborne.selenide.commands.Click.click(Click.java:59)\r\n\tat com.codeborne.selenide.commands.Click.execute(Click.java:34)\r\n\tat com.codeborne.selenide.commands.Click.execute(Click.java:26)\r\n\tat com.codeborne.selenide.commands.Commands.execute(Commands.java:162)\r\n\tat com.codeborne.selenide.impl.SelenideElementProxy.dispatchAndRetry(SelenideElementProxy.java:134)\r\n\t... 31 more\r\n"},"stage":"finished","steps":[{"name":"$(\"body > div.main-menu.jlks > div > nav > ul > li:nth-child(3) > a\") hover()","status":"passed","stage":"finished","steps":[],"attachments":[],"parameters":[],"start":1730207598400,"stop":1730207598559},{"name":"$(\"body > div.main-menu.jlks > div > nav > ul > li:nth-child(3) > a\") click()","status":"failed","statusDetails":{"known":false,"muted":false,"flaky":false,"message":"Invalid element state [body > div.main-menu.jlks > div > nav > ul > li:nth-child(3) > a]: element click intercepted: Element <a class=\"main-menu-top-51\" href=\"/faculties\">...</a> is not clickable at point (833, 187). Other element would receive the click: <input type=\"text\" name=\"name\" placeholder=\"Введите Ваше имя\" class=\"form-control\">\r\nScreenshot: file:/C:/Users/Максимова%20Юлия/IdeaProjects/test/build/reports/tests/1730207603664.0.png\r\nPage source: file:/C:/Users/Максимова%20Юлия/IdeaProjects/test/build/reports/tests/1730207603664.0.html\r\nTimeout: 4 s.\r\nCaused by: ElementClickInterceptedException: element click intercepted: Element <a class=\"main-menu-top-51\" href=\"/faculties\">...</a> is not clickable at point (833, 187). Other element would receive the click: <input type=\"text\" name=\"name\" placeholder=\"Введите Ваше имя\" class=\"form-control\">","trace":"Invalid element state [body > div.main-menu.jlks > div > nav > ul > li:nth-child(3) > a]: element click intercepted: Element <a class=\"main-menu-top-51\" href=\"/faculties\">...</a> is not clickable at point (833, 187). Other element would receive the click: <input type=\"text\" name=\"name\" placeholder=\"Введите Ваше имя\" class=\"form-control\">\r\nScreenshot: file:/C:/Users/Максимова%20Юлия/IdeaProjects/test/build/reports/tests/1730207603664.0.png\r\nPage source: file:/C:/Users/Максимова%20Юлия/IdeaProjects/test/build/reports/tests/1730207603664.0.html\r\nTimeout: 4 s.\r\nCaused by: ElementClickInterceptedException: element click intercepted: Element <a class=\"main-menu-top-51\" href=\"/faculties\">...</a> is not clickable at point (833, 187). Other element would receive the click: <input type=\"text\" name=\"name\" placeholder=\"Введите Ваше имя\" class=\"form-control\">\r\n\tat com.codeborne.selenide.impl.ExceptionWrapper.wrap(ExceptionWrapper.java:26)\r\n\tat com.codeborne.selenide.impl.SelenideElementProxy.dispatchAndRetry(SelenideElementProxy.java:156)\r\n\tat com.codeborne.selenide.impl.SelenideElementProxy.invoke(SelenideElementProxy.java:86)\r\n\tat jdk.proxy2/jdk.proxy2.$Proxy10.click(Unknown Source)\r\n\tat ru.mzpos.ui.pages.MainPage.inputDataGiftCert(MainPage.java:127)\r\n\tat ru.mzpos.tests.TestsMzpo.GiftCertTest(TestsMzpo.java:53)\r\n\tat java.base/jdk.internal.reflect.NativeMethodAccessorImpl.invoke0(Native Method)\r\n\tat java.base/jdk.internal.reflect.NativeMethodAccessorImpl.invoke(NativeMethodAccessorImpl.java:77)\r\n\tat java.base/jdk.internal.reflect.DelegatingMethodAccessorImpl.invoke(DelegatingMethodAccessorImpl.java:43)\r\n\tat java.base/java.lang.reflect.Method.invoke(Method.java:569)\r\n\tat org.testng.internal.invokers.MethodInvocationHelper.invokeMethod(MethodInvocationHelper.java:141)\r\n\tat org.testng.internal.invokers.TestInvoker.invokeMethod(TestInvoker.java:686)\r\n\tat org.testng.internal.invokers.TestInvoker.invokeTestMethod(TestInvoker.java:230)\r\n\tat org.testng.internal.invokers.MethodRunner.runInSequence(MethodRunner.java:63)\r\n\tat org.testng.internal.invokers.TestInvoker$MethodInvocationAgent.invoke(TestInvoker.java:992)\r\n\tat org.testng.internal.invokers.TestInvoker.invokeTestMethods(TestInvoker.java:203)\r\n\tat org.testng.internal.invokers.TestMethodWorker.invokeTestMethods(TestMethodWorker.java:154)\r\n\tat org.testng.internal.invokers.TestMethodWorker.run(TestMethodWorker.java:134)\r\n\tat java.base/java.util.ArrayList.forEach(ArrayList.java:1511)\r\n\tat org.testng.TestRunner.privateRun(TestRunner.java:739)\r\n\tat org.testng.TestRunner.run(TestRunner.java:614)\r\n\tat org.testng.SuiteRunner.runTest(SuiteRunner.java:421)\r\n\tat org.testng.SuiteRunner.runSequentially(SuiteRunner.java:413)\r\n\tat org.testng.SuiteRunner.privateRun(SuiteRunner.java:373)\r\n\tat org.testng.SuiteRunner.run(SuiteRunner.java:312)\r\n\tat org.testng.SuiteRunnerWorker.runSuite(SuiteRunnerWorker.java:52)\r\n\tat org.testng.SuiteRunnerWorker.run(SuiteRunnerWorker.java:95)\r\n\tat org.testng.TestNG.runSuitesSequentially(TestNG.java:1274)\r\n\tat org.testng.TestNG.runSuitesLocally(TestNG.java:1208)\r\n\tat org.testng.TestNG.runSuites(TestNG.java:1112)\r\n\tat org.testng.TestNG.run(TestNG.java:1079)\r\n\tat com.intellij.rt.testng.IDEARemoteTestNG.run(IDEARemoteTestNG.java:65)\r\n\tat com.intellij.rt.testng.RemoteTestNGStarter.main(RemoteTestNGStarter.java:105)\r\nCaused by: org.openqa.selenium.ElementClickInterceptedException: element click intercepted: Element <a class=\"main-menu-top-51\" href=\"/faculties\">...</a> is not clickable at point (833, 187). Other element would receive the click: <input type=\"text\" name=\"name\" placeholder=\"Введите Ваше имя\" class=\"form-control\">\n  (Session info: chrome=130.0.6723.70)\nBuild info: version: '4.25.0', revision: '8a8aea2337'\nSystem info: os.name: 'Windows 10', os.arch: 'amd64', os.version: '10.0', java.version: '17.0.13'\nDriver info: org.openqa.selenium.chrome.ChromeDriver\nCommand: [1318bcfb1d7b115e8db108a8b803accb, clickElement {id=f.E1E829CF868EA9ED94310FFF97CDC8B4.d.14C0BEB53FE2D72784E008465213E77D.e.85}]\nCapabilities {acceptInsecureCerts: true, browserName: chrome, browserVersion: 130.0.6723.70, chrome: {chromedriverVersion: 130.0.6723.69 (3ec172b971b9..., userDataDir: C:\\Users\\1259~1\\AppData\\Loc...}, fedcm:accounts: true, goog:chromeOptions: {debuggerAddress: localhost:57018}, networkConnectionEnabled: false, pageLoadStrategy: eager, platformName: windows, proxy: Proxy(), se:cdp: ws://localhost:57018/devtoo..., se:cdpVersion: 130.0.6723.70, setWindowRect: true, strictFileInteractability: false, timeouts: {implicit: 0, pageLoad: 300000, script: 30000}, unhandledPromptBehavior: accept, webauthn:extension:credBlob: true, webauthn:extension:largeBlob: true, webauthn:extension:minPinLength: true, webauthn:extension:prf: true, webauthn:virtualAuthenticators: true}\nElement: [[ChromeDriver: chrome on windows (1318bcfb1d7b115e8db108a8b803accb)] -> css selector: body > div.main-menu.jlks > div > nav > ul > li:nth-child(3) > a]\nSession ID: 1318bcfb1d7b115e8db108a8b803accb\r\n\tat java.base/jdk.internal.reflect.NativeConstructorAccessorImpl.newInstance0(Native Method)\r\n\tat java.base/jdk.internal.reflect.NativeConstructorAccessorImpl.newInstance(NativeConstructorAccessorImpl.java:77)\r\n\tat java.base/jdk.internal.reflect.DelegatingConstructorAccessorImpl.newInstance(DelegatingConstructorAccessorImpl.java:45)\r\n\tat java.base/java.lang.reflect.Constructor.newInstanceWithCaller(Constructor.java:500)\r\n\tat java.base/java.lang.reflect.Constructor.newInstance(Constructor.java:481)\r\n\tat org.openqa.selenium.remote.ErrorCodec.decode(ErrorCodec.java:167)\r\n\tat org.openqa.selenium.remote.codec.w3c.W3CHttpResponseCodec.decode(W3CHttpResponseCodec.java:138)\r\n\tat org.openqa.selenium.remote.codec.w3c.W3CHttpResponseCodec.decode(W3CHttpResponseCodec.java:50)\r\n\tat org.openqa.selenium.remote.HttpCommandExecutor.execute(HttpCommandExecutor.java:190)\r\n\tat org.openqa.selenium.remote.service.DriverCommandExecutor.invokeExecute(DriverCommandExecutor.java:216)\r\n\tat org.openqa.selenium.remote.service.DriverCommandExecutor.execute(DriverCommandExecutor.java:174)\r\n\tat org.openqa.selenium.remote.RemoteWebDriver.execute(RemoteWebDriver.java:545)\r\n\tat org.openqa.selenium.remote.RemoteWebElement.execute(RemoteWebElement.java:223)\r\n\tat org.openqa.selenium.remote.RemoteWebElement.click(RemoteWebElement.java:76)\r\n\tat com.codeborne.selenide.commands.Click.defaultClick(Click.java:106)\r\n\tat com.codeborne.selenide.commands.Click.doClick(Click.java:83)\r\n\tat com.codeborne.selenide.commands.Click.click(Click.java:59)\r\n\tat com.codeborne.selenide.commands.Click.execute(Click.java:34)\r\n\tat com.codeborne.selenide.commands.Click.execute(Click.java:26)\r\n\tat com.codeborne.selenide.commands.Commands.execute(Commands.java:162)\r\n\tat com.codeborne.selenide.impl.SelenideElementProxy.dispatchAndRetry(SelenideElementProxy.java:134)\r\n\t... 31 more\r\n"},"stage":"finished","steps":[],"attachments":[{"name":"Screenshot","source":"f17c29cc-8561-4875-bda2-840c73bb79eb-attachment.png","type":"image/png"}],"parameters":[],"start":1730207598559,"stop":1730207604389}],"attachments":[],"parameters":[],"start":1730207598399,"stop":1730207604391}],"attachments":[],"parameters":[],"start":1730207598397,"stop":1730207604393}