{"uuid":"9034e2c1-d22c-407b-92c4-c86d03498bd7","historyId":"5a101fffd2d3669e33ac17b1b573c595","fullName":"ru.mzpos.tests.TestsMzpo.BasketTest","labels":[{"name":"package","value":"ru.mzpos.tests.TestsMzpo"},{"name":"testClass","value":"ru.mzpos.tests.TestsMzpo"},{"name":"testMethod","value":"BasketTest"},{"name":"parentSuite","value":"Default Suite"},{"name":"suite","value":"test"},{"name":"subSuite","value":"ru.mzpos.tests.TestsMzpo"},{"name":"host","value":"WS010"},{"name":"thread","value":"17004@WS010.main(1)"},{"name":"framework","value":"testng"},{"name":"language","value":"java"}],"links":[],"name":"BasketTest","status":"failed","statusDetails":{"known":false,"muted":false,"flaky":false,"message":"Invalid element state [by text: Оплатить/By.xpath: ../[class=\"btn btn-mzpo btn-lg\"]]: element click intercepted: Element <button type=\"submit\" name=\"button\" id=\"payment\" class=\"btn btn-mzpo btn-lg\">...</button> is not clickable at point (548, 962). Other element would receive the click: <div id=\"cookie_notification\" class=\"show\">...</div>\r\nScreenshot: file:/C:/Users/Максимова%20Юлия/IdeaProjects/test/build/reports/tests/1730292459658.0.png\r\nPage source: file:/C:/Users/Максимова%20Юлия/IdeaProjects/test/build/reports/tests/1730292459658.0.html\r\nTimeout: 4 s.\r\nCaused by: ElementClickInterceptedException: element click intercepted: Element <button type=\"submit\" name=\"button\" id=\"payment\" class=\"btn btn-mzpo btn-lg\">...</button> is not clickable at point (548, 962). Other element would receive the click: <div id=\"cookie_notification\" class=\"show\">...</div>","trace":"Invalid element state [by text: Оплатить/By.xpath: ../[class=\"btn btn-mzpo btn-lg\"]]: element click intercepted: Element <button type=\"submit\" name=\"button\" id=\"payment\" class=\"btn btn-mzpo btn-lg\">...</button> is not clickable at point (548, 962). Other element would receive the click: <div id=\"cookie_notification\" class=\"show\">...</div>\r\nScreenshot: file:/C:/Users/Максимова%20Юлия/IdeaProjects/test/build/reports/tests/1730292459658.0.png\r\nPage source: file:/C:/Users/Максимова%20Юлия/IdeaProjects/test/build/reports/tests/1730292459658.0.html\r\nTimeout: 4 s.\r\nCaused by: ElementClickInterceptedException: element click intercepted: Element <button type=\"submit\" name=\"button\" id=\"payment\" class=\"btn btn-mzpo btn-lg\">...</button> is not clickable at point (548, 962). Other element would receive the click: <div id=\"cookie_notification\" class=\"show\">...</div>\r\n\tat com.codeborne.selenide.impl.ExceptionWrapper.wrap(ExceptionWrapper.java:26)\r\n\tat com.codeborne.selenide.impl.SelenideElementProxy.dispatchAndRetry(SelenideElementProxy.java:156)\r\n\tat com.codeborne.selenide.impl.SelenideElementProxy.invoke(SelenideElementProxy.java:86)\r\n\tat jdk.proxy2/jdk.proxy2.$Proxy10.click(Unknown Source)\r\n\tat ru.mzpos.ui.pages.MainPage.inputDataBasket(MainPage.java:188)\r\n\tat ru.mzpos.tests.TestsMzpo.BasketTest(TestsMzpo.java:60)\r\n\tat java.base/jdk.internal.reflect.NativeMethodAccessorImpl.invoke0(Native Method)\r\n\tat java.base/jdk.internal.reflect.NativeMethodAccessorImpl.invoke(NativeMethodAccessorImpl.java:77)\r\n\tat java.base/jdk.internal.reflect.DelegatingMethodAccessorImpl.invoke(DelegatingMethodAccessorImpl.java:43)\r\n\tat java.base/java.lang.reflect.Method.invoke(Method.java:569)\r\n\tat org.testng.internal.invokers.MethodInvocationHelper.invokeMethod(MethodInvocationHelper.java:141)\r\n\tat org.testng.internal.invokers.TestInvoker.invokeMethod(TestInvoker.java:686)\r\n\tat org.testng.internal.invokers.TestInvoker.invokeTestMethod(TestInvoker.java:230)\r\n\tat org.testng.internal.invokers.MethodRunner.runInSequence(MethodRunner.java:63)\r\n\tat org.testng.internal.invokers.TestInvoker$MethodInvocationAgent.invoke(TestInvoker.java:992)\r\n\tat org.testng.internal.invokers.TestInvoker.invokeTestMethods(TestInvoker.java:203)\r\n\tat org.testng.internal.invokers.TestMethodWorker.invokeTestMethods(TestMethodWorker.java:154)\r\n\tat org.testng.internal.invokers.TestMethodWorker.run(TestMethodWorker.java:134)\r\n\tat java.base/java.util.ArrayList.forEach(ArrayList.java:1511)\r\n\tat org.testng.TestRunner.privateRun(TestRunner.java:739)\r\n\tat org.testng.TestRunner.run(TestRunner.java:614)\r\n\tat org.testng.SuiteRunner.runTest(SuiteRunner.java:421)\r\n\tat org.testng.SuiteRunner.runSequentially(SuiteRunner.java:413)\r\n\tat org.testng.SuiteRunner.privateRun(SuiteRunner.java:373)\r\n\tat org.testng.SuiteRunner.run(SuiteRunner.java:312)\r\n\tat org.testng.SuiteRunnerWorker.runSuite(SuiteRunnerWorker.java:52)\r\n\tat org.testng.SuiteRunnerWorker.run(SuiteRunnerWorker.java:95)\r\n\tat org.testng.TestNG.runSuitesSequentially(TestNG.java:1274)\r\n\tat org.testng.TestNG.runSuitesLocally(TestNG.java:1208)\r\n\tat org.testng.TestNG.runSuites(TestNG.java:1112)\r\n\tat org.testng.TestNG.run(TestNG.java:1079)\r\n\tat com.intellij.rt.testng.IDEARemoteTestNG.run(IDEARemoteTestNG.java:65)\r\n\tat com.intellij.rt.testng.RemoteTestNGStarter.main(RemoteTestNGStarter.java:105)\r\nCaused by: org.openqa.selenium.ElementClickInterceptedException: element click intercepted: Element <button type=\"submit\" name=\"button\" id=\"payment\" class=\"btn btn-mzpo btn-lg\">...</button> is not clickable at point (548, 962). Other element would receive the click: <div id=\"cookie_notification\" class=\"show\">...</div>\n  (Session info: chrome=130.0.6723.71)\nBuild info: version: '4.25.0', revision: '8a8aea2337'\nSystem info: os.name: 'Windows 10', os.arch: 'amd64', os.version: '10.0', java.version: '17.0.13'\nDriver info: org.openqa.selenium.chrome.ChromeDriver\nCommand: [4d34cb64900122c3d1d8a487fa206c29, clickElement {id=f.72C6C2F65F212F1DC610CAF212BC3760.d.9813634FA2099D2430C44A91B7CF7A0F.e.478}]\nCapabilities {acceptInsecureCerts: true, browserName: chrome, browserVersion: 130.0.6723.71, chrome: {chromedriverVersion: 130.0.6723.91 (53ac07678369..., userDataDir: C:\\Users\\1259~1\\AppData\\Loc...}, fedcm:accounts: true, goog:chromeOptions: {debuggerAddress: localhost:60854}, networkConnectionEnabled: false, pageLoadStrategy: eager, platformName: windows, proxy: Proxy(), se:cdp: ws://localhost:60854/devtoo..., se:cdpVersion: 130.0.6723.71, setWindowRect: true, strictFileInteractability: false, timeouts: {implicit: 0, pageLoad: 300000, script: 30000}, unhandledPromptBehavior: accept, webauthn:extension:credBlob: true, webauthn:extension:largeBlob: true, webauthn:extension:minPinLength: true, webauthn:extension:prf: true, webauthn:virtualAuthenticators: true}\nElement: [[[[[[ChromeDriver: chrome on windows (4d34cb64900122c3d1d8a487fa206c29)] -> xpath: .//*/text()[normalize-space(translate(string(.), '\t\n\r ', '    ')) = \"Оплатить\"]/parent::*]] -> xpath: ..]] -> css selector: [class=\"btn btn-mzpo btn-lg\"]]\nSession ID: 4d34cb64900122c3d1d8a487fa206c29\r\n\tat java.base/jdk.internal.reflect.NativeConstructorAccessorImpl.newInstance0(Native Method)\r\n\tat java.base/jdk.internal.reflect.NativeConstructorAccessorImpl.newInstance(NativeConstructorAccessorImpl.java:77)\r\n\tat java.base/jdk.internal.reflect.DelegatingConstructorAccessorImpl.newInstance(DelegatingConstructorAccessorImpl.java:45)\r\n\tat java.base/java.lang.reflect.Constructor.newInstanceWithCaller(Constructor.java:500)\r\n\tat java.base/java.lang.reflect.Constructor.newInstance(Constructor.java:481)\r\n\tat org.openqa.selenium.remote.ErrorCodec.decode(ErrorCodec.java:167)\r\n\tat org.openqa.selenium.remote.codec.w3c.W3CHttpResponseCodec.decode(W3CHttpResponseCodec.java:138)\r\n\tat org.openqa.selenium.remote.codec.w3c.W3CHttpResponseCodec.decode(W3CHttpResponseCodec.java:50)\r\n\tat org.openqa.selenium.remote.HttpCommandExecutor.execute(HttpCommandExecutor.java:190)\r\n\tat org.openqa.selenium.remote.service.DriverCommandExecutor.invokeExecute(DriverCommandExecutor.java:216)\r\n\tat org.openqa.selenium.remote.service.DriverCommandExecutor.execute(DriverCommandExecutor.java:174)\r\n\tat org.openqa.selenium.remote.RemoteWebDriver.execute(RemoteWebDriver.java:545)\r\n\tat org.openqa.selenium.remote.RemoteWebElement.execute(RemoteWebElement.java:223)\r\n\tat org.openqa.selenium.remote.RemoteWebElement.click(RemoteWebElement.java:76)\r\n\tat com.codeborne.selenide.commands.Click.defaultClick(Click.java:106)\r\n\tat com.codeborne.selenide.commands.Click.doClick(Click.java:83)\r\n\tat com.codeborne.selenide.commands.Click.click(Click.java:59)\r\n\tat com.codeborne.selenide.commands.Click.execute(Click.java:34)\r\n\tat com.codeborne.selenide.commands.Click.execute(Click.java:26)\r\n\tat com.codeborne.selenide.commands.Commands.execute(Commands.java:162)\r\n\tat com.codeborne.selenide.impl.SelenideElementProxy.dispatchAndRetry(SelenideElementProxy.java:134)\r\n\t... 31 more\r\n"},"stage":"finished","steps":[{"name":"Форма Корзина","status":"failed","statusDetails":{"known":false,"muted":false,"flaky":false,"message":"Invalid element state [by text: Оплатить/By.xpath: ../[class=\"btn btn-mzpo btn-lg\"]]: element click intercepted: Element <button type=\"submit\" name=\"button\" id=\"payment\" class=\"btn btn-mzpo btn-lg\">...</button> is not clickable at point (548, 962). Other element would receive the click: <div id=\"cookie_notification\" class=\"show\">...</div>\r\nScreenshot: file:/C:/Users/Максимова%20Юлия/IdeaProjects/test/build/reports/tests/1730292459658.0.png\r\nPage source: file:/C:/Users/Максимова%20Юлия/IdeaProjects/test/build/reports/tests/1730292459658.0.html\r\nTimeout: 4 s.\r\nCaused by: ElementClickInterceptedException: element click intercepted: Element <button type=\"submit\" name=\"button\" id=\"payment\" class=\"btn btn-mzpo btn-lg\">...</button> is not clickable at point (548, 962). Other element would receive the click: <div id=\"cookie_notification\" class=\"show\">...</div>","trace":"Invalid element state [by text: Оплатить/By.xpath: ../[class=\"btn btn-mzpo btn-lg\"]]: element click intercepted: Element <button type=\"submit\" name=\"button\" id=\"payment\" class=\"btn btn-mzpo btn-lg\">...</button> is not clickable at point (548, 962). Other element would receive the click: <div id=\"cookie_notification\" class=\"show\">...</div>\r\nScreenshot: file:/C:/Users/Максимова%20Юлия/IdeaProjects/test/build/reports/tests/1730292459658.0.png\r\nPage source: file:/C:/Users/Максимова%20Юлия/IdeaProjects/test/build/reports/tests/1730292459658.0.html\r\nTimeout: 4 s.\r\nCaused by: ElementClickInterceptedException: element click intercepted: Element <button type=\"submit\" name=\"button\" id=\"payment\" class=\"btn btn-mzpo btn-lg\">...</button> is not clickable at point (548, 962). Other element would receive the click: <div id=\"cookie_notification\" class=\"show\">...</div>\r\n\tat com.codeborne.selenide.impl.ExceptionWrapper.wrap(ExceptionWrapper.java:26)\r\n\tat com.codeborne.selenide.impl.SelenideElementProxy.dispatchAndRetry(SelenideElementProxy.java:156)\r\n\tat com.codeborne.selenide.impl.SelenideElementProxy.invoke(SelenideElementProxy.java:86)\r\n\tat jdk.proxy2/jdk.proxy2.$Proxy10.click(Unknown Source)\r\n\tat ru.mzpos.ui.pages.MainPage.inputDataBasket(MainPage.java:188)\r\n\tat ru.mzpos.tests.TestsMzpo.BasketTest(TestsMzpo.java:60)\r\n\tat java.base/jdk.internal.reflect.NativeMethodAccessorImpl.invoke0(Native Method)\r\n\tat java.base/jdk.internal.reflect.NativeMethodAccessorImpl.invoke(NativeMethodAccessorImpl.java:77)\r\n\tat java.base/jdk.internal.reflect.DelegatingMethodAccessorImpl.invoke(DelegatingMethodAccessorImpl.java:43)\r\n\tat java.base/java.lang.reflect.Method.invoke(Method.java:569)\r\n\tat org.testng.internal.invokers.MethodInvocationHelper.invokeMethod(MethodInvocationHelper.java:141)\r\n\tat org.testng.internal.invokers.TestInvoker.invokeMethod(TestInvoker.java:686)\r\n\tat org.testng.internal.invokers.TestInvoker.invokeTestMethod(TestInvoker.java:230)\r\n\tat org.testng.internal.invokers.MethodRunner.runInSequence(MethodRunner.java:63)\r\n\tat org.testng.internal.invokers.TestInvoker$MethodInvocationAgent.invoke(TestInvoker.java:992)\r\n\tat org.testng.internal.invokers.TestInvoker.invokeTestMethods(TestInvoker.java:203)\r\n\tat org.testng.internal.invokers.TestMethodWorker.invokeTestMethods(TestMethodWorker.java:154)\r\n\tat org.testng.internal.invokers.TestMethodWorker.run(TestMethodWorker.java:134)\r\n\tat java.base/java.util.ArrayList.forEach(ArrayList.java:1511)\r\n\tat org.testng.TestRunner.privateRun(TestRunner.java:739)\r\n\tat org.testng.TestRunner.run(TestRunner.java:614)\r\n\tat org.testng.SuiteRunner.runTest(SuiteRunner.java:421)\r\n\tat org.testng.SuiteRunner.runSequentially(SuiteRunner.java:413)\r\n\tat org.testng.SuiteRunner.privateRun(SuiteRunner.java:373)\r\n\tat org.testng.SuiteRunner.run(SuiteRunner.java:312)\r\n\tat org.testng.SuiteRunnerWorker.runSuite(SuiteRunnerWorker.java:52)\r\n\tat org.testng.SuiteRunnerWorker.run(SuiteRunnerWorker.java:95)\r\n\tat org.testng.TestNG.runSuitesSequentially(TestNG.java:1274)\r\n\tat org.testng.TestNG.runSuitesLocally(TestNG.java:1208)\r\n\tat org.testng.TestNG.runSuites(TestNG.java:1112)\r\n\tat org.testng.TestNG.run(TestNG.java:1079)\r\n\tat com.intellij.rt.testng.IDEARemoteTestNG.run(IDEARemoteTestNG.java:65)\r\n\tat com.intellij.rt.testng.RemoteTestNGStarter.main(RemoteTestNGStarter.java:105)\r\nCaused by: org.openqa.selenium.ElementClickInterceptedException: element click intercepted: Element <button type=\"submit\" name=\"button\" id=\"payment\" class=\"btn btn-mzpo btn-lg\">...</button> is not clickable at point (548, 962). Other element would receive the click: <div id=\"cookie_notification\" class=\"show\">...</div>\n  (Session info: chrome=130.0.6723.71)\nBuild info: version: '4.25.0', revision: '8a8aea2337'\nSystem info: os.name: 'Windows 10', os.arch: 'amd64', os.version: '10.0', java.version: '17.0.13'\nDriver info: org.openqa.selenium.chrome.ChromeDriver\nCommand: [4d34cb64900122c3d1d8a487fa206c29, clickElement {id=f.72C6C2F65F212F1DC610CAF212BC3760.d.9813634FA2099D2430C44A91B7CF7A0F.e.478}]\nCapabilities {acceptInsecureCerts: true, browserName: chrome, browserVersion: 130.0.6723.71, chrome: {chromedriverVersion: 130.0.6723.91 (53ac07678369..., userDataDir: C:\\Users\\1259~1\\AppData\\Loc...}, fedcm:accounts: true, goog:chromeOptions: {debuggerAddress: localhost:60854}, networkConnectionEnabled: false, pageLoadStrategy: eager, platformName: windows, proxy: Proxy(), se:cdp: ws://localhost:60854/devtoo..., se:cdpVersion: 130.0.6723.71, setWindowRect: true, strictFileInteractability: false, timeouts: {implicit: 0, pageLoad: 300000, script: 30000}, unhandledPromptBehavior: accept, webauthn:extension:credBlob: true, webauthn:extension:largeBlob: true, webauthn:extension:minPinLength: true, webauthn:extension:prf: true, webauthn:virtualAuthenticators: true}\nElement: [[[[[[ChromeDriver: chrome on windows (4d34cb64900122c3d1d8a487fa206c29)] -> xpath: .//*/text()[normalize-space(translate(string(.), '\t\n\r ', '    ')) = \"Оплатить\"]/parent::*]] -> xpath: ..]] -> css selector: [class=\"btn btn-mzpo btn-lg\"]]\nSession ID: 4d34cb64900122c3d1d8a487fa206c29\r\n\tat java.base/jdk.internal.reflect.NativeConstructorAccessorImpl.newInstance0(Native Method)\r\n\tat java.base/jdk.internal.reflect.NativeConstructorAccessorImpl.newInstance(NativeConstructorAccessorImpl.java:77)\r\n\tat java.base/jdk.internal.reflect.DelegatingConstructorAccessorImpl.newInstance(DelegatingConstructorAccessorImpl.java:45)\r\n\tat java.base/java.lang.reflect.Constructor.newInstanceWithCaller(Constructor.java:500)\r\n\tat java.base/java.lang.reflect.Constructor.newInstance(Constructor.java:481)\r\n\tat org.openqa.selenium.remote.ErrorCodec.decode(ErrorCodec.java:167)\r\n\tat org.openqa.selenium.remote.codec.w3c.W3CHttpResponseCodec.decode(W3CHttpResponseCodec.java:138)\r\n\tat org.openqa.selenium.remote.codec.w3c.W3CHttpResponseCodec.decode(W3CHttpResponseCodec.java:50)\r\n\tat org.openqa.selenium.remote.HttpCommandExecutor.execute(HttpCommandExecutor.java:190)\r\n\tat org.openqa.selenium.remote.service.DriverCommandExecutor.invokeExecute(DriverCommandExecutor.java:216)\r\n\tat org.openqa.selenium.remote.service.DriverCommandExecutor.execute(DriverCommandExecutor.java:174)\r\n\tat org.openqa.selenium.remote.RemoteWebDriver.execute(RemoteWebDriver.java:545)\r\n\tat org.openqa.selenium.remote.RemoteWebElement.execute(RemoteWebElement.java:223)\r\n\tat org.openqa.selenium.remote.RemoteWebElement.click(RemoteWebElement.java:76)\r\n\tat com.codeborne.selenide.commands.Click.defaultClick(Click.java:106)\r\n\tat com.codeborne.selenide.commands.Click.doClick(Click.java:83)\r\n\tat com.codeborne.selenide.commands.Click.click(Click.java:59)\r\n\tat com.codeborne.selenide.commands.Click.execute(Click.java:34)\r\n\tat com.codeborne.selenide.commands.Click.execute(Click.java:26)\r\n\tat com.codeborne.selenide.commands.Commands.execute(Commands.java:162)\r\n\tat com.codeborne.selenide.impl.SelenideElementProxy.dispatchAndRetry(SelenideElementProxy.java:134)\r\n\t... 31 more\r\n"},"stage":"finished","steps":[{"name":"$(\"body > div.main-menu.jlks > div > nav > ul > li:nth-child(3) > a\") hover()","status":"passed","stage":"finished","steps":[],"attachments":[],"parameters":[],"start":1730292441738,"stop":1730292445694},{"name":"$(\"body > div.main-menu.jlks > div > nav > ul > li:nth-child(3) > a\") click()","status":"passed","stage":"finished","steps":[],"attachments":[],"parameters":[],"start":1730292445694,"stop":1730292446967},{"name":"$(\"body > div.main-menu.jlks > div > nav > ul > li.active > ul > li:nth-child(6) > a > span\") hover()","status":"passed","stage":"finished","steps":[],"attachments":[],"parameters":[],"start":1730292446968,"stop":1730292447234},{"name":"$(\"body > div.main-menu.jlks > div > nav > ul > li.active > ul > li:nth-child(6) > a > span\") click()","status":"passed","stage":"finished","steps":[],"attachments":[],"parameters":[],"start":1730292447234,"stop":1730292448535},{"name":"$(\"#name\") set value(Supertester_Basket_MZPO)","status":"passed","stage":"finished","steps":[],"attachments":[],"parameters":[],"start":1730292448539,"stop":1730292449798},{"name":"$(\"#certs > div:nth-child(3) > div > input\") set value(guv@guv.ebay)","status":"passed","stage":"finished","steps":[],"attachments":[],"parameters":[],"start":1730292449799,"stop":1730292450036},{"name":"$(\"#certs #intl-tel-phone\") set value(1300000002)","status":"passed","stage":"finished","steps":[],"attachments":[],"parameters":[],"start":1730292450037,"stop":1730292450486},{"name":"$(\"#certs > div.row.justify-content-center > div:nth-child(2) > button\") hover()","status":"passed","stage":"finished","steps":[],"attachments":[],"parameters":[],"start":1730292450486,"stop":1730292450739},{"name":"$(\"#certs > div.row.justify-content-center > div:nth-child(2) > button\") click()","status":"passed","stage":"finished","steps":[],"attachments":[],"parameters":[],"start":1730292450739,"stop":1730292450853},{"name":"$(\"body > main > div.wrapper > form > div:nth-child(2) > div.col-md-4.col-sm-6.mx-auto > div > div.text-center > a\") hover()","status":"passed","stage":"finished","steps":[],"attachments":[],"parameters":[],"start":1730292450853,"stop":1730292452516},{"name":"$(\"body > main > div.wrapper > form > div:nth-child(2) > div.col-md-4.col-sm-6.mx-auto > div > div.text-center > a\") click()","status":"passed","stage":"finished","steps":[],"attachments":[],"parameters":[],"start":1730292452516,"stop":1730292453163},{"name":"$(\"body > main > div.wrapper > div:nth-child(5) > div.col-md-8.pr-md-5.order-md-1.order-sm-1 > div > div > div:nth-child(2) > div > input\") set value(Supertester_Basket_MZPO)","status":"passed","stage":"finished","steps":[],"attachments":[],"parameters":[],"start":1730292453163,"stop":1730292454770},{"name":"$(\"By.name: order_phone\") set value(1300000002)","status":"passed","stage":"finished","steps":[],"attachments":[],"parameters":[],"start":1730292454771,"stop":1730292454986},{"name":"$(\"body > main > div.wrapper > div:nth-child(5) > div.col-md-8.pr-md-5.order-md-1.order-sm-1 > div > div > div:nth-child(4) > div > input\") set value(guv@guv.ebay)","status":"passed","stage":"finished","steps":[],"attachments":[],"parameters":[],"start":1730292454986,"stop":1730292455210},{"name":"$(\"by text: Оплатить/By.xpath: ../[class=\"btn btn-mzpo btn-lg\"]\") hover()","status":"passed","stage":"finished","steps":[],"attachments":[],"parameters":[],"start":1730292455212,"stop":1730292455554},{"name":"$(\"by text: Оплатить/By.xpath: ../[class=\"btn btn-mzpo btn-lg\"]\") click()","status":"failed","statusDetails":{"known":false,"muted":false,"flaky":false,"message":"Invalid element state [by text: Оплатить/By.xpath: ../[class=\"btn btn-mzpo btn-lg\"]]: element click intercepted: Element <button type=\"submit\" name=\"button\" id=\"payment\" class=\"btn btn-mzpo btn-lg\">...</button> is not clickable at point (548, 962). Other element would receive the click: <div id=\"cookie_notification\" class=\"show\">...</div>\r\nScreenshot: file:/C:/Users/Максимова%20Юлия/IdeaProjects/test/build/reports/tests/1730292459658.0.png\r\nPage source: file:/C:/Users/Максимова%20Юлия/IdeaProjects/test/build/reports/tests/1730292459658.0.html\r\nTimeout: 4 s.\r\nCaused by: ElementClickInterceptedException: element click intercepted: Element <button type=\"submit\" name=\"button\" id=\"payment\" class=\"btn btn-mzpo btn-lg\">...</button> is not clickable at point (548, 962). Other element would receive the click: <div id=\"cookie_notification\" class=\"show\">...</div>","trace":"Invalid element state [by text: Оплатить/By.xpath: ../[class=\"btn btn-mzpo btn-lg\"]]: element click intercepted: Element <button type=\"submit\" name=\"button\" id=\"payment\" class=\"btn btn-mzpo btn-lg\">...</button> is not clickable at point (548, 962). Other element would receive the click: <div id=\"cookie_notification\" class=\"show\">...</div>\r\nScreenshot: file:/C:/Users/Максимова%20Юлия/IdeaProjects/test/build/reports/tests/1730292459658.0.png\r\nPage source: file:/C:/Users/Максимова%20Юлия/IdeaProjects/test/build/reports/tests/1730292459658.0.html\r\nTimeout: 4 s.\r\nCaused by: ElementClickInterceptedException: element click intercepted: Element <button type=\"submit\" name=\"button\" id=\"payment\" class=\"btn btn-mzpo btn-lg\">...</button> is not clickable at point (548, 962). Other element would receive the click: <div id=\"cookie_notification\" class=\"show\">...</div>\r\n\tat com.codeborne.selenide.impl.ExceptionWrapper.wrap(ExceptionWrapper.java:26)\r\n\tat com.codeborne.selenide.impl.SelenideElementProxy.dispatchAndRetry(SelenideElementProxy.java:156)\r\n\tat com.codeborne.selenide.impl.SelenideElementProxy.invoke(SelenideElementProxy.java:86)\r\n\tat jdk.proxy2/jdk.proxy2.$Proxy10.click(Unknown Source)\r\n\tat ru.mzpos.ui.pages.MainPage.inputDataBasket(MainPage.java:188)\r\n\tat ru.mzpos.tests.TestsMzpo.BasketTest(TestsMzpo.java:60)\r\n\tat java.base/jdk.internal.reflect.NativeMethodAccessorImpl.invoke0(Native Method)\r\n\tat java.base/jdk.internal.reflect.NativeMethodAccessorImpl.invoke(NativeMethodAccessorImpl.java:77)\r\n\tat java.base/jdk.internal.reflect.DelegatingMethodAccessorImpl.invoke(DelegatingMethodAccessorImpl.java:43)\r\n\tat java.base/java.lang.reflect.Method.invoke(Method.java:569)\r\n\tat org.testng.internal.invokers.MethodInvocationHelper.invokeMethod(MethodInvocationHelper.java:141)\r\n\tat org.testng.internal.invokers.TestInvoker.invokeMethod(TestInvoker.java:686)\r\n\tat org.testng.internal.invokers.TestInvoker.invokeTestMethod(TestInvoker.java:230)\r\n\tat org.testng.internal.invokers.MethodRunner.runInSequence(MethodRunner.java:63)\r\n\tat org.testng.internal.invokers.TestInvoker$MethodInvocationAgent.invoke(TestInvoker.java:992)\r\n\tat org.testng.internal.invokers.TestInvoker.invokeTestMethods(TestInvoker.java:203)\r\n\tat org.testng.internal.invokers.TestMethodWorker.invokeTestMethods(TestMethodWorker.java:154)\r\n\tat org.testng.internal.invokers.TestMethodWorker.run(TestMethodWorker.java:134)\r\n\tat java.base/java.util.ArrayList.forEach(ArrayList.java:1511)\r\n\tat org.testng.TestRunner.privateRun(TestRunner.java:739)\r\n\tat org.testng.TestRunner.run(TestRunner.java:614)\r\n\tat org.testng.SuiteRunner.runTest(SuiteRunner.java:421)\r\n\tat org.testng.SuiteRunner.runSequentially(SuiteRunner.java:413)\r\n\tat org.testng.SuiteRunner.privateRun(SuiteRunner.java:373)\r\n\tat org.testng.SuiteRunner.run(SuiteRunner.java:312)\r\n\tat org.testng.SuiteRunnerWorker.runSuite(SuiteRunnerWorker.java:52)\r\n\tat org.testng.SuiteRunnerWorker.run(SuiteRunnerWorker.java:95)\r\n\tat org.testng.TestNG.runSuitesSequentially(TestNG.java:1274)\r\n\tat org.testng.TestNG.runSuitesLocally(TestNG.java:1208)\r\n\tat org.testng.TestNG.runSuites(TestNG.java:1112)\r\n\tat org.testng.TestNG.run(TestNG.java:1079)\r\n\tat com.intellij.rt.testng.IDEARemoteTestNG.run(IDEARemoteTestNG.java:65)\r\n\tat com.intellij.rt.testng.RemoteTestNGStarter.main(RemoteTestNGStarter.java:105)\r\nCaused by: org.openqa.selenium.ElementClickInterceptedException: element click intercepted: Element <button type=\"submit\" name=\"button\" id=\"payment\" class=\"btn btn-mzpo btn-lg\">...</button> is not clickable at point (548, 962). Other element would receive the click: <div id=\"cookie_notification\" class=\"show\">...</div>\n  (Session info: chrome=130.0.6723.71)\nBuild info: version: '4.25.0', revision: '8a8aea2337'\nSystem info: os.name: 'Windows 10', os.arch: 'amd64', os.version: '10.0', java.version: '17.0.13'\nDriver info: org.openqa.selenium.chrome.ChromeDriver\nCommand: [4d34cb64900122c3d1d8a487fa206c29, clickElement {id=f.72C6C2F65F212F1DC610CAF212BC3760.d.9813634FA2099D2430C44A91B7CF7A0F.e.478}]\nCapabilities {acceptInsecureCerts: true, browserName: chrome, browserVersion: 130.0.6723.71, chrome: {chromedriverVersion: 130.0.6723.91 (53ac07678369..., userDataDir: C:\\Users\\1259~1\\AppData\\Loc...}, fedcm:accounts: true, goog:chromeOptions: {debuggerAddress: localhost:60854}, networkConnectionEnabled: false, pageLoadStrategy: eager, platformName: windows, proxy: Proxy(), se:cdp: ws://localhost:60854/devtoo..., se:cdpVersion: 130.0.6723.71, setWindowRect: true, strictFileInteractability: false, timeouts: {implicit: 0, pageLoad: 300000, script: 30000}, unhandledPromptBehavior: accept, webauthn:extension:credBlob: true, webauthn:extension:largeBlob: true, webauthn:extension:minPinLength: true, webauthn:extension:prf: true, webauthn:virtualAuthenticators: true}\nElement: [[[[[[ChromeDriver: chrome on windows (4d34cb64900122c3d1d8a487fa206c29)] -> xpath: .//*/text()[normalize-space(translate(string(.), '\t\n\r ', '    ')) = \"Оплатить\"]/parent::*]] -> xpath: ..]] -> css selector: [class=\"btn btn-mzpo btn-lg\"]]\nSession ID: 4d34cb64900122c3d1d8a487fa206c29\r\n\tat java.base/jdk.internal.reflect.NativeConstructorAccessorImpl.newInstance0(Native Method)\r\n\tat java.base/jdk.internal.reflect.NativeConstructorAccessorImpl.newInstance(NativeConstructorAccessorImpl.java:77)\r\n\tat java.base/jdk.internal.reflect.DelegatingConstructorAccessorImpl.newInstance(DelegatingConstructorAccessorImpl.java:45)\r\n\tat java.base/java.lang.reflect.Constructor.newInstanceWithCaller(Constructor.java:500)\r\n\tat java.base/java.lang.reflect.Constructor.newInstance(Constructor.java:481)\r\n\tat org.openqa.selenium.remote.ErrorCodec.decode(ErrorCodec.java:167)\r\n\tat org.openqa.selenium.remote.codec.w3c.W3CHttpResponseCodec.decode(W3CHttpResponseCodec.java:138)\r\n\tat org.openqa.selenium.remote.codec.w3c.W3CHttpResponseCodec.decode(W3CHttpResponseCodec.java:50)\r\n\tat org.openqa.selenium.remote.HttpCommandExecutor.execute(HttpCommandExecutor.java:190)\r\n\tat org.openqa.selenium.remote.service.DriverCommandExecutor.invokeExecute(DriverCommandExecutor.java:216)\r\n\tat org.openqa.selenium.remote.service.DriverCommandExecutor.execute(DriverCommandExecutor.java:174)\r\n\tat org.openqa.selenium.remote.RemoteWebDriver.execute(RemoteWebDriver.java:545)\r\n\tat org.openqa.selenium.remote.RemoteWebElement.execute(RemoteWebElement.java:223)\r\n\tat org.openqa.selenium.remote.RemoteWebElement.click(RemoteWebElement.java:76)\r\n\tat com.codeborne.selenide.commands.Click.defaultClick(Click.java:106)\r\n\tat com.codeborne.selenide.commands.Click.doClick(Click.java:83)\r\n\tat com.codeborne.selenide.commands.Click.click(Click.java:59)\r\n\tat com.codeborne.selenide.commands.Click.execute(Click.java:34)\r\n\tat com.codeborne.selenide.commands.Click.execute(Click.java:26)\r\n\tat com.codeborne.selenide.commands.Commands.execute(Commands.java:162)\r\n\tat com.codeborne.selenide.impl.SelenideElementProxy.dispatchAndRetry(SelenideElementProxy.java:134)\r\n\t... 31 more\r\n"},"stage":"finished","steps":[],"attachments":[{"name":"Screenshot","source":"56433a00-9b05-4dfd-8fea-9230df0dbac7-attachment.png","type":"image/png"}],"parameters":[],"start":1730292455554,"stop":1730292460236}],"attachments":[],"parameters":[],"start":1730292441727,"stop":1730292460237}],"attachments":[],"parameters":[],"start":1730292441711,"stop":1730292460239}